Collecting git+https://github.com/facebookresearch/pytorch3d.git@stable
  Cloning https://github.com/facebookresearch/pytorch3d.git (to revision stable) to /tmp/pip-req-build-z60a_vle
  Running command git clone --filter=blob:none --quiet https://github.com/facebookresearch/pytorch3d.git /tmp/pip-req-build-z60a_vle
  Running command git checkout -q 75ebeeaea0908c5527e7b1e305fbc7681382db47
  Resolved https://github.com/facebookresearch/pytorch3d.git to commit 75ebeeaea0908c5527e7b1e305fbc7681382db47
  Preparing metadata (pyproject.toml): started
  Preparing metadata (pyproject.toml): finished with status 'done'
Requirement already satisfied: iopath in /fs/nexus-scratch/kevchoi/miniconda3/envs/fdpose_sam2/lib/python3.10/site-packages (from pytorch3d==0.7.8) (0.1.10)
Requirement already satisfied: tqdm in /fs/nexus-scratch/kevchoi/miniconda3/envs/fdpose_sam2/lib/python3.10/site-packages (from iopath->pytorch3d==0.7.8) (4.67.1)
Requirement already satisfied: typing_extensions in /fs/nexus-scratch/kevchoi/miniconda3/envs/fdpose_sam2/lib/python3.10/site-packages (from iopath->pytorch3d==0.7.8) (4.15.0)
Requirement already satisfied: portalocker in /fs/nexus-scratch/kevchoi/miniconda3/envs/fdpose_sam2/lib/python3.10/site-packages (from iopath->pytorch3d==0.7.8) (3.2.0)
Building wheels for collected packages: pytorch3d
  Building wheel for pytorch3d (pyproject.toml): started
  Building wheel for pytorch3d (pyproject.toml): still running...
  Building wheel for pytorch3d (pyproject.toml): still running...
  Building wheel for pytorch3d (pyproject.toml): still running...
  Building wheel for pytorch3d (pyproject.toml): still running...
  Building wheel for pytorch3d (pyproject.toml): still running...
  Building wheel for pytorch3d (pyproject.toml): still running...
  Building wheel for pytorch3d (pyproject.toml): still running...
  Building wheel for pytorch3d (pyproject.toml): still running...
  Building wheel for pytorch3d (pyproject.toml): still running...
  Building wheel for pytorch3d (pyproject.toml): still running...
  Building wheel for pytorch3d (pyproject.toml): still running...
  Building wheel for pytorch3d (pyproject.toml): still running...
  Building wheel for pytorch3d (pyproject.toml): still running...
  Building wheel for pytorch3d (pyproject.toml): still running...
  Building wheel for pytorch3d (pyproject.toml): still running...
  Building wheel for pytorch3d (pyproject.toml): finished with status 'done'
  Created wheel for pytorch3d: filename=pytorch3d-0.7.8-cp310-cp310-linux_x86_64.whl size=6237546 sha256=1d810fb3abd0217d06ea9ced58b09147579282776e3b91620c2a64a47ffd3d77
  Stored in directory: /tmp/pip-ephem-wheel-cache-xnzrjqx_/wheels/39/5f/20/2d3b6f3a35a60bdc0ba3c19da94340db9596637d1d1222473d
Successfully built pytorch3d
Installing collected packages: pytorch3d
Successfully installed pytorch3d-0.7.8
